<?xml version="1.0" encoding="UTF-8"?>
<testng-results skipped="0" failed="0" total="4" passed="4">
  <reporter-output>
  </reporter-output>
  <suite name="Default suite" duration-ms="8313" started-at="2018-11-16T14:31:18Z" finished-at="2018-11-16T14:31:26Z">
    <groups>
    </groups>
    <test name="Default test" duration-ms="8313" started-at="2018-11-16T14:31:18Z" finished-at="2018-11-16T14:31:26Z">
      <class name="com.dikshatech.tst.RESTAPI.RestApi">
        <test-method status="PASS" signature="getloginStatus()[pri:0, instance:com.dikshatech.tst.RESTAPI.RestApi@49fc609f]" name="getloginStatus" duration-ms="2753" started-at="2018-11-16T20:01:18Z" finished-at="2018-11-16T20:01:21Z">
          <reporter-output>
          </reporter-output>
        </test-method> <!-- getloginStatus -->
        <test-method status="PASS" signature="loginAPI()[pri:0, instance:com.dikshatech.tst.RESTAPI.RestApi@49fc609f]" name="loginAPI" duration-ms="2442" started-at="2018-11-16T20:01:21Z" finished-at="2018-11-16T20:01:23Z">
          <reporter-output>
          </reporter-output>
        </test-method> <!-- loginAPI -->
        <test-method status="PASS" signature="weatherResponse()[pri:0, instance:com.dikshatech.tst.RESTAPI.RestApi@49fc609f]" name="weatherResponse" duration-ms="1397" started-at="2018-11-16T20:01:23Z" finished-at="2018-11-16T20:01:25Z">
          <reporter-output>
          </reporter-output>
        </test-method> <!-- weatherResponse -->
        <test-method status="PASS" signature="jsonData()[pri:0, instance:com.dikshatech.tst.RESTAPI.RestApi@49fc609f]" name="jsonData" duration-ms="1706" started-at="2018-11-16T20:01:25Z" finished-at="2018-11-16T20:01:26Z">
          <reporter-output>
          </reporter-output>
        </test-method> <!-- jsonData -->
      </class> <!-- com.dikshatech.tst.RESTAPI.RestApi -->
    </test> <!-- Default test -->
  </suite> <!-- Default suite -->
</testng-results>
