<?xml version="1.0" encoding="UTF-8"?>
<testng-results skipped="0" failed="0" total="0" passed="0">
  <reporter-output>
  </reporter-output>
  <suite name="Qwerty.qwerty.AppTest" duration-ms="3" started-at="2018-11-13T12:29:29Z" finished-at="2018-11-13T12:29:29Z">
    <groups>
    </groups>
    <test name="Command line test" duration-ms="3" started-at="2018-11-13T12:29:29Z" finished-at="2018-11-13T12:29:29Z">
    </test> <!-- Command line test -->
  </suite> <!-- Qwerty.qwerty.AppTest -->
</testng-results>
