<?xml version="1.0" encoding="UTF-8"?>
<!-- Generated by org.testng.reporters.JUnitXMLReporter -->
<testsuite hostname="akash_anand" name="Default test" tests="4" failures="0" timestamp="16 Nov 2018 14:31:26 GMT" time="8.313" errors="0">
  <testcase name="getloginStatus" time="2.753" classname="com.dikshatech.tst.RESTAPI.RestApi"/>
  <testcase name="loginAPI" time="2.442" classname="com.dikshatech.tst.RESTAPI.RestApi"/>
  <testcase name="weatherResponse" time="1.397" classname="com.dikshatech.tst.RESTAPI.RestApi"/>
  <testcase name="jsonData" time="1.706" classname="com.dikshatech.tst.RESTAPI.RestApi"/>
</testsuite> <!-- Default test -->
