<?xml version="1.0" encoding="UTF-8"?>
<!-- Generated by org.testng.reporters.JUnitXMLReporter -->
<testsuite hostname="akash_anand" name="Default test" tests="4" failures="0" timestamp="22 Nov 2018 05:46:19 GMT" time="8.891" errors="0">
  <testcase name="getloginStatus" time="2.87" classname="com.dikshatech.tst.ObjectRepository.RestApi"/>
  <testcase name="loginAPI" time="2.113" classname="com.dikshatech.tst.ObjectRepository.RestApi"/>
  <testcase name="weatherResponse" time="1.627" classname="com.dikshatech.tst.ObjectRepository.RestApi"/>
  <testcase name="jsonData" time="2.265" classname="com.dikshatech.tst.ObjectRepository.RestApi"/>
</testsuite> <!-- Default test -->
